2025/04/07 16:00:20 root:@tcp(127.0.0.1:3306)/bangladesh_geocode?charset=utf8mb4&parseTime=True&loc=Local
2025/04/07 16:00:20 connected
2025/04/07 16:07:18 root:@tcp(127.0.0.1:3306)/bangladesh_geocode?charset=utf8mb4&parseTime=True&loc=Local
2025/04/07 16:07:18 connected
2025/04/07 16:07:50 Rangpur
2025/04/07 16:07:51 Rangpur
2025/04/07 16:15:34 Rangpur
2025/04/07 16:15:35 Rangpur
2025/04/07 16:15:35 Rangpur
2025/04/07 16:15:35 Rangpur
2025/04/07 16:15:35 Rangpur
2025/04/07 16:15:35 Rangpur
2025/04/07 16:15:36 Rangpur
2025/04/07 16:15:36 Rangpur
2025/04/07 16:22:58 Panchagarh
2025/04/07 16:22:58 Panchagarh
2025/04/07 16:22:58 Panchagarh
2025/04/07 16:22:58 Panchagarh
2025/04/07 16:22:59 Panchagarh
2025/04/07 16:23:48 root:@tcp(127.0.0.1:3306)/bangladesh_geocode?charset=utf8mb4&parseTime=True&loc=Local
2025/04/07 16:23:48 connected
2025/04/07 16:46:41 Panchagarh
2025/04/07 16:46:42 Panchagarh
2025/04/07 16:46:42 Panchagarh
2025/04/07 16:46:43 Panchagarh
2025/04/07 16:46:43 Panchagarh
2025/04/07 16:46:43 Panchagarh
2025/04/07 16:46:43 Panchagarh
2025/04/07 16:46:43 Panchagarh
2025/04/07 16:46:44 Panchagarh
2025/04/07 16:46:45 Panchagarh
2025/04/07 16:46:45 Panchagarh
2025/04/07 16:46:45 Panchagarh
2025/04/07 16:46:45 Panchagarh
2025/04/07 16:46:48 Debiganj
2025/04/07 16:46:49 Debiganj
2025/04/07 16:46:49 Debiganj
2025/04/07 16:46:49 Debiganj
2025/04/07 16:46:49 Debiganj
