2025/06/04 16:55:56 root:@tcp(127.0.0.1:3306)/bangladesh_geocode?charset=utf8mb4&parseTime=True&loc=Local
2025/06/04 16:55:56 Failed to connect to database. 
dial tcp 127.0.0.1:3306: connectex: No connection could be made because the target machine actively refused it.
2025/06/04 16:56:08 root:@tcp(127.0.0.1:3306)/bangladesh_geocode?charset=utf8mb4&parseTime=True&loc=Local
2025/06/04 16:56:08 Failed to connect to database. 
dial tcp 127.0.0.1:3306: connectex: No connection could be made because the target machine actively refused it.
2025/06/04 16:56:30 root:@tcp(127.0.0.1:3306)/bangladesh_geocode?charset=utf8mb4&parseTime=True&loc=Local
2025/06/04 16:56:30 Failed to connect to database. 
dial tcp 127.0.0.1:3306: connectex: No connection could be made because the target machine actively refused it.
2025/06/04 16:56:42 root:@tcp(127.0.0.1:3306)/bangladesh_geocode?charset=utf8mb4&parseTime=True&loc=Local
2025/06/04 16:56:42 Failed to connect to database. 
dial tcp 127.0.0.1:3306: connectex: No connection could be made because the target machine actively refused it.
2025/06/04 16:56:44 root:@tcp(127.0.0.1:3306)/bangladesh_geocode?charset=utf8mb4&parseTime=True&loc=Local
2025/06/04 16:56:44 connected
2025/06/04 16:56:50 1
2025/06/04 16:56:51 Rangpur
2025/06/04 16:56:52 Panchagarh
2025/06/04 16:56:53 Debiganj
2025/06/04 16:56:55 1
2025/06/04 16:56:57 Rangpur
2025/06/04 16:56:57 Panchagarh
2025/06/04 16:56:58 Debiganj
2025/06/04 16:57:01 1
2025/06/04 16:57:01 Rangpur
2025/06/04 16:57:02 Panchagarh
2025/06/04 16:57:03 Debiganj
2025/06/04 16:57:05 1
2025/06/04 16:57:06 Rangpur
2025/06/04 16:57:06 Panchagarh
2025/06/04 16:57:06 Debiganj
2025/06/04 16:57:08 1
2025/06/04 16:57:10 Rangpur
2025/06/04 16:57:10 Panchagarh
2025/06/04 16:57:11 Debiganj
2025/06/04 16:57:13 1
2025/06/04 16:57:14 Rangpur
2025/06/04 16:57:15 Panchagarh
2025/06/04 16:57:16 Debiganj
2025/06/04 16:57:17 1
2025/06/04 16:57:17 Rangpur
2025/06/04 16:57:17 Panchagarh
2025/06/04 16:57:18 Debiganj
2025/06/04 16:57:19 1
2025/06/04 16:57:21 Rangpur
2025/06/04 16:57:21 Panchagarh
2025/06/04 16:57:22 Debiganj
2025/06/04 16:57:24 1
2025/06/04 16:57:25 Rangpur
2025/06/04 16:57:26 Panchagarh
2025/06/04 16:57:27 Debiganj
2025/06/04 16:57:30 1
2025/06/04 16:57:31 Rangpur
2025/06/04 16:57:31 Panchagarh
2025/06/04 16:57:31 Debiganj
2025/06/04 16:57:33 1
2025/06/04 16:57:34 Rangpur
2025/06/04 16:57:34 Panchagarh
2025/06/04 16:57:35 Debiganj
2025/06/04 16:57:37 1
2025/06/04 16:57:37 Rangpur
2025/06/04 16:57:38 Panchagarh
2025/06/04 16:57:38 Debiganj
2025/06/04 16:57:40 1
2025/06/04 16:57:40 Rangpur
2025/06/04 16:57:41 Panchagarh
2025/06/04 16:57:41 Debiganj
2025/06/04 16:57:43 1
2025/06/04 16:57:44 Rangpur
2025/06/04 16:57:44 Panchagarh
2025/06/04 16:57:44 Debiganj
2025/06/04 16:57:46 1
2025/06/04 16:57:46 Rangpur
2025/06/04 16:57:46 Panchagarh
2025/06/04 16:57:47 Debiganj
2025/06/04 16:57:49 1
2025/06/04 16:57:50 Rangpur
2025/06/04 16:57:50 Panchagarh
2025/06/04 16:57:51 Debiganj
2025/06/04 16:57:52 1
2025/06/04 16:57:53 Rangpur
2025/06/04 16:57:53 Panchagarh
2025/06/04 16:57:53 Debiganj
2025/06/04 16:57:54 1
2025/06/04 16:57:54 Rangpur
2025/06/04 16:57:55 Panchagarh
2025/06/04 16:57:55 Debiganj
2025/06/04 16:57:57 1
2025/06/04 16:57:58 Rangpur
2025/06/04 16:57:59 Panchagarh
2025/06/04 16:58:00 Debiganj
2025/06/04 16:58:02 1
2025/06/04 16:58:03 Rangpur
2025/06/04 16:58:03 Panchagarh
2025/06/04 16:58:03 Debiganj
2025/06/04 16:58:05 1
2025/06/04 16:58:06 Rangpur
2025/06/04 16:58:06 Panchagarh
2025/06/04 16:58:06 Debiganj
2025/06/04 16:58:08 1
2025/06/04 16:58:08 Rangpur
2025/06/04 16:58:09 Panchagarh
2025/06/04 16:58:09 Debiganj
2025/06/04 16:58:11 1
2025/06/04 16:58:12 Rangpur
2025/06/04 16:58:12 Panchagarh
2025/06/04 16:58:12 Debiganj
2025/06/04 16:58:14 1
2025/06/04 16:58:16 Rangpur
2025/06/04 16:58:16 Panchagarh
2025/06/04 16:58:17 Debiganj
2025/06/04 16:58:18 1
2025/06/04 16:58:18 Rangpur
2025/06/04 16:58:18 Panchagarh
2025/06/04 16:58:19 Debiganj
2025/06/04 16:58:21 1
2025/06/04 16:58:22 Rangpur
2025/06/04 16:58:23 Panchagarh
2025/06/04 16:58:24 Debiganj
2025/06/04 16:58:26 1
2025/06/04 16:58:26 Rangpur
2025/06/04 16:58:27 Panchagarh
2025/06/04 16:58:28 Debiganj
2025/06/04 16:58:30 1
2025/06/04 16:58:31 Rangpur
2025/06/04 16:58:32 Panchagarh
2025/06/04 16:58:32 Debiganj
2025/06/04 16:58:33 1
2025/06/04 16:58:35 Rangpur
2025/06/04 16:58:35 Panchagarh
2025/06/04 16:58:35 Debiganj
2025/06/04 16:58:37 1
2025/06/04 16:58:39 Rangpur
2025/06/04 16:58:39 Panchagarh
2025/06/04 16:58:39 Debiganj
2025/06/04 16:58:41 1
2025/06/04 16:58:43 Rangpur
2025/06/04 16:58:43 Panchagarh
2025/06/04 16:58:44 Debiganj
2025/06/04 16:58:47 1
2025/06/04 16:58:47 Rangpur
2025/06/04 16:58:47 Panchagarh
2025/06/04 16:58:48 Debiganj
2025/06/04 16:58:49 1
2025/06/04 16:58:49 Rangpur
2025/06/04 16:58:50 Panchagarh
2025/06/04 16:58:50 Debiganj
2025/06/04 16:58:53 1
2025/06/04 16:58:54 Rangpur
2025/06/04 16:58:54 Panchagarh
2025/06/04 16:58:54 Debiganj
2025/06/04 16:58:57 1
2025/06/04 16:58:58 Rangpur
2025/06/04 16:58:59 Panchagarh
2025/06/04 16:59:00 Debiganj
2025/06/04 16:59:01 1
2025/06/04 16:59:02 Rangpur
2025/06/04 16:59:02 Panchagarh
2025/06/04 16:59:03 Debiganj
2025/06/04 16:59:05 1
2025/06/04 16:59:05 Rangpur
2025/06/04 16:59:06 Panchagarh
2025/06/04 16:59:07 Debiganj
2025/06/04 16:59:10 1
2025/06/04 16:59:11 Rangpur
2025/06/04 16:59:12 Panchagarh
2025/06/04 16:59:12 Debiganj
2025/06/04 16:59:14 1
2025/06/04 16:59:16 Rangpur
2025/06/04 16:59:16 Panchagarh
2025/06/04 16:59:16 Debiganj
2025/06/04 16:59:18 1
2025/06/04 16:59:20 Rangpur
2025/06/04 16:59:21 Panchagarh
2025/06/04 16:59:22 Debiganj
2025/06/04 16:59:24 1
2025/06/04 16:59:25 Rangpur
2025/06/04 16:59:25 Panchagarh
2025/06/04 16:59:26 Debiganj
2025/06/04 16:59:28 1
2025/06/04 16:59:29 Rangpur
2025/06/04 16:59:30 Panchagarh
2025/06/04 16:59:30 Debiganj
2025/06/04 16:59:33 1
2025/06/04 16:59:33 Rangpur
2025/06/04 16:59:33 Panchagarh
2025/06/04 16:59:34 Debiganj
2025/06/04 16:59:37 1
2025/06/04 16:59:39 Rangpur
2025/06/04 16:59:40 Panchagarh
2025/06/04 16:59:41 Debiganj
2025/06/04 16:59:44 1
2025/06/04 16:59:44 Rangpur
2025/06/04 16:59:45 Panchagarh
2025/06/04 16:59:46 Debiganj
2025/06/04 16:59:47 1
2025/06/04 16:59:48 Rangpur
2025/06/04 16:59:49 Panchagarh
2025/06/04 16:59:50 Debiganj
2025/06/04 16:59:51 1
2025/06/04 16:59:52 Rangpur
2025/06/04 16:59:53 Panchagarh
2025/06/04 16:59:53 Debiganj
2025/06/04 16:59:56 1
2025/06/04 16:59:57 Rangpur
2025/06/04 16:59:57 Panchagarh
2025/06/04 16:59:57 Debiganj
2025/06/04 16:59:59 1
2025/06/04 17:00:00 Rangpur
2025/06/04 17:00:01 Panchagarh
2025/06/04 17:00:02 Debiganj
2025/06/04 17:00:05 1
2025/06/04 17:00:05 Rangpur
2025/06/04 17:00:05 Panchagarh
2025/06/04 17:00:05 Debiganj
2025/06/04 17:00:09 1
2025/06/04 17:00:10 Rangpur
2025/06/04 17:00:10 Panchagarh
2025/06/04 17:00:11 Debiganj
2025/06/04 17:00:12 1
2025/06/04 17:00:13 Rangpur
2025/06/04 17:00:14 Panchagarh
2025/06/04 17:00:15 Debiganj
2025/06/04 17:00:17 1
2025/06/04 17:00:19 Rangpur
2025/06/04 17:00:19 Panchagarh
2025/06/04 17:00:20 Debiganj
2025/06/04 17:00:22 1
2025/06/04 17:00:22 Rangpur
2025/06/04 17:00:22 Panchagarh
2025/06/04 17:00:23 Debiganj
2025/06/04 17:00:25 1
2025/06/04 17:00:26 Rangpur
2025/06/04 17:00:27 Panchagarh
2025/06/04 17:00:27 Debiganj
2025/06/04 17:00:29 1
2025/06/04 17:00:31 Rangpur
2025/06/04 17:00:31 Panchagarh
2025/06/04 17:00:32 Debiganj
2025/06/04 17:00:34 1
2025/06/04 17:00:35 Rangpur
2025/06/04 17:00:35 Panchagarh
2025/06/04 17:00:36 Debiganj
2025/06/04 17:00:37 1
2025/06/04 17:00:38 Rangpur
2025/06/04 17:00:39 Panchagarh
2025/06/04 17:00:40 Debiganj
2025/06/04 17:00:41 1
2025/06/04 17:00:42 Rangpur
2025/06/04 17:00:43 Panchagarh
2025/06/04 17:00:43 Debiganj
2025/06/04 17:00:45 1
2025/06/04 17:00:46 Rangpur
2025/06/04 17:00:47 Panchagarh
2025/06/04 17:00:47 Debiganj
2025/06/04 17:00:50 1
2025/06/04 17:00:51 Rangpur
2025/06/04 17:00:52 Panchagarh
2025/06/04 17:00:53 Debiganj
2025/06/04 17:00:54 1
2025/06/04 17:00:54 Rangpur
2025/06/04 17:00:55 Panchagarh
2025/06/04 17:00:56 Debiganj
2025/06/04 17:00:58 1
2025/06/04 17:00:59 Rangpur
2025/06/04 17:01:00 Panchagarh
2025/06/04 17:01:00 Debiganj
2025/06/04 17:01:03 1
2025/06/04 17:01:04 Rangpur
2025/06/04 17:01:05 Panchagarh
2025/06/04 17:01:06 Debiganj
2025/06/04 17:01:07 1
2025/06/04 17:01:09 Rangpur
2025/06/04 17:01:10 Panchagarh
2025/06/04 17:01:10 Debiganj
2025/06/04 17:01:12 1
2025/06/04 17:01:12 Rangpur
2025/06/04 17:01:13 Panchagarh
2025/06/04 17:01:14 Debiganj
2025/06/04 17:01:17 1
2025/06/04 17:01:17 Rangpur
2025/06/04 17:01:18 Panchagarh
2025/06/04 17:01:18 Debiganj
2025/06/04 17:01:20 1
2025/06/04 17:01:21 Rangpur
2025/06/04 17:01:22 Panchagarh
2025/06/04 17:01:22 Debiganj
2025/06/04 17:01:24 1
2025/06/04 17:01:26 Rangpur
2025/06/04 17:01:27 Panchagarh
2025/06/04 17:01:28 Debiganj
2025/06/04 17:01:30 1
2025/06/04 17:01:31 Rangpur
2025/06/04 17:01:32 Panchagarh
2025/06/04 17:01:32 Debiganj
2025/06/04 17:01:34 1
2025/06/04 17:01:36 Rangpur
2025/06/04 17:01:37 Panchagarh
2025/06/04 17:01:38 Debiganj
2025/06/04 17:01:39 1
2025/06/04 17:01:40 Rangpur
2025/06/04 17:01:40 Panchagarh
2025/06/04 17:01:41 Debiganj
2025/06/04 17:01:43 1
2025/06/04 17:01:44 Rangpur
2025/06/04 17:01:45 Panchagarh
2025/06/04 17:01:45 Debiganj
2025/06/04 17:01:48 1
2025/06/04 17:01:50 Rangpur
2025/06/04 17:01:50 Panchagarh
2025/06/04 17:01:50 Debiganj
2025/06/04 17:01:52 1
2025/06/04 17:01:53 Rangpur
2025/06/04 17:01:53 Panchagarh
2025/06/04 17:01:54 Debiganj
2025/06/04 17:01:57 1
2025/06/04 17:01:59 Rangpur
2025/06/04 17:02:00 Panchagarh
2025/06/04 17:02:01 Debiganj
2025/06/04 17:02:03 1
2025/06/04 17:02:04 Rangpur
2025/06/04 17:02:04 Panchagarh
2025/06/04 17:02:04 Debiganj
2025/06/04 17:02:08 1
2025/06/04 17:02:09 Rangpur
2025/06/04 17:02:09 Panchagarh
2025/06/04 17:02:10 Debiganj
2025/06/04 17:02:13 1
2025/06/04 17:02:15 Rangpur
2025/06/04 17:02:16 Panchagarh
2025/06/04 17:02:17 Debiganj
2025/06/04 17:02:18 1
2025/06/04 17:02:19 Rangpur
2025/06/04 17:02:20 Panchagarh
2025/06/04 17:02:21 Debiganj
2025/06/04 17:02:24 1
2025/06/04 17:02:24 Rangpur
2025/06/04 17:02:24 Panchagarh
2025/06/04 17:02:24 Debiganj
2025/06/04 17:02:26 1
2025/06/04 17:02:27 Rangpur
2025/06/04 17:02:28 Panchagarh
2025/06/04 17:02:28 Debiganj
2025/06/04 17:02:30 1
2025/06/04 17:02:32 Rangpur
2025/06/04 17:02:32 Panchagarh
2025/06/04 17:02:33 Debiganj
2025/06/04 17:02:35 1
2025/06/04 17:02:36 Rangpur
2025/06/04 17:02:38 Panchagarh
2025/06/04 17:02:38 Debiganj
2025/06/04 17:02:39 1
2025/06/04 17:02:40 Rangpur
2025/06/04 17:02:41 Panchagarh
2025/06/04 17:02:41 Debiganj
2025/06/04 17:02:43 1
2025/06/04 17:02:44 Rangpur
2025/06/04 17:02:44 Panchagarh
2025/06/04 17:02:44 Debiganj
2025/06/04 17:02:47 1
2025/06/04 17:02:48 Rangpur
2025/06/04 17:02:49 Panchagarh
2025/06/04 17:02:50 Debiganj
2025/06/04 17:02:53 1
2025/06/04 17:02:54 Rangpur
2025/06/04 17:02:55 Panchagarh
2025/06/04 17:02:56 Debiganj
2025/06/04 17:02:57 1
2025/06/04 17:02:59 Rangpur
2025/06/04 17:02:59 Panchagarh
2025/06/04 17:02:59 Debiganj
2025/06/04 17:03:01 1
2025/06/04 17:03:01 Rangpur
2025/06/04 17:03:01 Panchagarh
2025/06/04 17:03:01 Debiganj
2025/06/04 17:03:03 1
2025/06/04 17:03:04 Rangpur
2025/06/04 17:03:04 Panchagarh
2025/06/04 17:03:04 Debiganj
2025/06/04 17:03:05 1
2025/06/04 17:03:06 Rangpur
2025/06/04 17:03:06 Panchagarh
2025/06/04 17:03:06 Debiganj
2025/06/04 17:03:07 1
2025/06/04 17:03:08 Rangpur
2025/06/04 17:03:08 Panchagarh
2025/06/04 17:03:08 Debiganj
2025/06/04 17:03:09 1
2025/06/04 17:03:10 Rangpur
2025/06/04 17:03:10 Panchagarh
2025/06/04 17:03:10 Debiganj
2025/06/04 17:03:12 1
2025/06/04 17:03:12 Rangpur
2025/06/04 17:03:12 Panchagarh
2025/06/04 17:03:12 Debiganj
2025/06/04 17:03:14 1
2025/06/04 17:03:14 Rangpur
2025/06/04 17:03:14 Panchagarh
2025/06/04 17:03:15 Debiganj
2025/06/04 17:03:16 1
2025/06/04 17:03:16 Rangpur
2025/06/04 17:03:17 Panchagarh
2025/06/04 17:03:17 Debiganj
2025/06/04 17:03:18 1
2025/06/04 17:03:18 Rangpur
2025/06/04 17:03:19 Panchagarh
2025/06/04 17:03:19 Debiganj
2025/06/04 17:03:20 1
2025/06/04 17:03:21 Rangpur
2025/06/04 17:03:21 Panchagarh
2025/06/04 17:03:21 Debiganj
2025/06/04 17:03:22 1
2025/06/04 17:03:23 Rangpur
2025/06/04 17:03:23 Panchagarh
2025/06/04 17:03:23 Debiganj
2025/06/04 17:03:25 1
2025/06/04 17:03:25 Rangpur
2025/06/04 17:03:25 Panchagarh
2025/06/04 17:03:26 Debiganj
2025/06/04 17:03:27 1
2025/06/04 17:03:27 Rangpur
2025/06/04 17:03:28 Panchagarh
2025/06/04 17:03:28 Debiganj
2025/06/04 17:03:29 1
2025/06/04 17:03:30 Rangpur
2025/06/04 17:03:31 Panchagarh
2025/06/04 17:03:31 Debiganj
2025/06/04 17:03:32 1
2025/06/04 17:03:33 Rangpur
2025/06/04 17:03:33 Panchagarh
2025/06/04 17:03:34 Debiganj
2025/06/04 17:03:35 1
2025/06/04 17:03:35 Rangpur
2025/06/04 17:03:36 Panchagarh
2025/06/04 17:03:36 Debiganj
2025/06/04 17:03:37 1
2025/06/04 17:03:38 Rangpur
2025/06/04 17:03:38 Panchagarh
2025/06/04 17:03:38 Debiganj
2025/06/04 17:03:40 1
2025/06/04 17:03:40 Rangpur
2025/06/04 17:03:40 Panchagarh
2025/06/04 17:03:41 Debiganj
2025/06/04 17:03:42 1
2025/06/04 17:03:43 Rangpur
2025/06/04 17:03:43 Panchagarh
2025/06/04 17:03:43 Debiganj
2025/06/04 17:03:45 1
2025/06/04 17:03:45 Rangpur
2025/06/04 17:03:45 Panchagarh
2025/06/04 17:03:46 Debiganj
2025/06/04 17:03:48 1
2025/06/04 17:03:48 Rangpur
2025/06/04 17:03:49 Panchagarh
2025/06/04 17:03:49 Debiganj
2025/06/04 17:03:50 1
2025/06/04 17:03:50 Rangpur
2025/06/04 17:03:50 Panchagarh
2025/06/04 17:03:51 Debiganj
2025/06/04 17:03:52 1
2025/06/04 17:03:53 Rangpur
2025/06/04 17:03:53 Panchagarh
2025/06/04 17:03:53 Debiganj
2025/06/04 17:03:54 1
2025/06/04 17:03:55 Rangpur
2025/06/04 17:03:55 Panchagarh
2025/06/04 17:03:55 Debiganj
2025/06/04 17:03:57 1
2025/06/04 17:03:57 Rangpur
2025/06/04 17:03:58 Panchagarh
2025/06/04 17:03:58 Debiganj
2025/06/04 17:03:59 1
2025/06/04 17:04:00 Rangpur
2025/06/04 17:04:00 Panchagarh
2025/06/04 17:04:00 Debiganj
2025/06/04 17:04:02 1
2025/06/04 17:04:03 Rangpur
2025/06/04 17:04:03 Panchagarh
2025/06/04 17:04:03 Debiganj
2025/06/04 17:04:05 1
2025/06/04 17:04:06 Rangpur
2025/06/04 17:04:06 Panchagarh
2025/06/04 17:04:07 Debiganj
2025/06/04 17:04:09 1
2025/06/04 17:04:10 Rangpur
2025/06/04 17:04:10 Panchagarh
2025/06/04 17:04:10 Debiganj
2025/06/04 17:04:12 1
2025/06/04 17:04:12 Rangpur
2025/06/04 17:04:13 Panchagarh
2025/06/04 17:04:13 Debiganj
2025/06/04 17:04:15 1
2025/06/04 17:04:15 Rangpur
2025/06/04 17:04:15 Panchagarh
2025/06/04 17:04:16 Debiganj
2025/06/04 17:04:17 1
2025/06/04 17:04:18 Rangpur
2025/06/04 17:04:18 Panchagarh
2025/06/04 17:04:18 Debiganj
2025/06/04 17:04:20 1
2025/06/04 17:04:20 Rangpur
2025/06/04 17:04:21 Panchagarh
2025/06/04 17:04:21 Debiganj
2025/06/04 17:04:23 1
2025/06/04 17:04:24 Rangpur
2025/06/04 17:04:24 Panchagarh
2025/06/04 17:04:24 Debiganj
2025/06/04 17:04:26 1
2025/06/04 17:04:26 Rangpur
2025/06/04 17:04:26 Panchagarh
2025/06/04 17:04:26 Debiganj
2025/06/04 17:04:28 1
2025/06/04 17:04:29 Rangpur
2025/06/04 17:04:29 Panchagarh
2025/06/04 17:04:29 Debiganj
2025/06/04 17:04:30 1
2025/06/04 17:04:31 Rangpur
2025/06/04 17:04:32 Panchagarh
2025/06/04 17:04:32 Debiganj
2025/06/04 17:04:34 1
2025/06/04 17:04:34 Rangpur
2025/06/04 17:04:35 Panchagarh
2025/06/04 17:04:35 Debiganj
2025/06/04 17:04:37 1
2025/06/04 17:04:38 Rangpur
2025/06/04 17:04:39 Panchagarh
2025/06/04 17:04:39 Debiganj
2025/06/04 17:04:40 1
2025/06/04 17:04:41 Rangpur
2025/06/04 17:04:41 Panchagarh
2025/06/04 17:04:41 Debiganj
2025/06/04 17:04:42 1
2025/06/04 17:04:43 Rangpur
2025/06/04 17:04:43 Panchagarh
2025/06/04 17:04:44 Debiganj
2025/06/04 17:04:46 1
2025/06/04 17:04:46 Rangpur
2025/06/04 17:04:46 Panchagarh
2025/06/04 17:04:46 Debiganj
2025/06/04 17:04:48 1
2025/06/04 17:04:49 Rangpur
2025/06/04 17:04:49 Panchagarh
2025/06/04 17:04:49 Debiganj
2025/06/04 17:04:51 1
2025/06/04 17:04:51 Rangpur
2025/06/04 17:04:51 Panchagarh
2025/06/04 17:04:52 Debiganj
2025/06/04 17:04:53 1
2025/06/04 17:04:54 Rangpur
2025/06/04 17:04:54 Panchagarh
2025/06/04 17:04:54 Debiganj
2025/06/04 17:04:56 1
2025/06/04 17:04:57 Rangpur
2025/06/04 17:04:57 Panchagarh
2025/06/04 17:04:58 Debiganj
2025/06/04 17:04:59 1
2025/06/04 17:05:00 Rangpur
2025/06/04 17:05:00 Panchagarh
2025/06/04 17:05:00 Debiganj
2025/06/04 17:05:02 1
2025/06/04 17:05:03 Rangpur
2025/06/04 17:05:03 Panchagarh
2025/06/04 17:05:03 Debiganj
2025/06/04 17:05:05 1
2025/06/04 17:05:05 Rangpur
2025/06/04 17:05:06 Panchagarh
2025/06/04 17:05:07 Debiganj
2025/06/04 17:05:08 1
2025/06/04 17:05:08 Rangpur
2025/06/04 17:05:08 Panchagarh
2025/06/04 17:05:09 Debiganj
2025/06/04 17:05:11 1
2025/06/04 17:05:12 Rangpur
2025/06/04 17:05:12 Panchagarh
2025/06/04 17:05:12 Debiganj
2025/06/04 17:05:14 1
2025/06/04 17:05:15 Rangpur
2025/06/04 17:05:15 Panchagarh
2025/06/04 17:05:15 Debiganj
2025/06/04 17:05:17 1
2025/06/04 17:05:17 Rangpur
2025/06/04 17:05:18 Panchagarh
2025/06/04 17:05:18 Debiganj
2025/06/04 17:05:20 1
2025/06/04 17:05:20 Rangpur
2025/06/04 17:05:21 Panchagarh
2025/06/04 17:05:21 Debiganj
2025/06/04 17:05:22 1
2025/06/04 17:05:23 Rangpur
2025/06/04 17:05:23 Panchagarh
2025/06/04 17:05:23 Debiganj
2025/06/04 17:05:25 1
2025/06/04 17:05:26 Rangpur
2025/06/04 17:05:26 Panchagarh
2025/06/04 17:05:27 Debiganj
2025/06/04 17:05:28 1
2025/06/04 17:05:29 Rangpur
2025/06/04 17:05:29 Panchagarh
2025/06/04 17:05:29 Debiganj
2025/06/04 17:05:30 1
2025/06/04 17:05:31 Rangpur
2025/06/04 17:05:31 Panchagarh
2025/06/04 17:05:31 Debiganj
2025/06/04 17:05:33 1
2025/06/04 17:05:34 Rangpur
2025/06/04 17:05:34 Panchagarh
2025/06/04 17:05:34 Debiganj
2025/06/04 17:05:36 1
2025/06/04 17:05:37 Rangpur
2025/06/04 17:05:37 Panchagarh
2025/06/04 17:05:38 Debiganj
2025/06/04 17:05:39 1
2025/06/04 17:05:40 Rangpur
2025/06/04 17:05:41 Panchagarh
2025/06/04 17:05:41 Debiganj
2025/06/04 17:05:42 1
2025/06/04 17:05:43 Rangpur
2025/06/04 17:05:44 Panchagarh
2025/06/04 17:05:44 Debiganj
2025/06/04 17:05:46 1
2025/06/04 17:05:46 Rangpur
2025/06/04 17:05:47 Panchagarh
2025/06/04 17:05:47 Debiganj
2025/06/04 17:05:49 1
2025/06/04 17:05:50 Rangpur
2025/06/04 17:05:50 Panchagarh
2025/06/04 17:05:50 Debiganj
2025/06/04 17:05:52 1
2025/06/04 17:05:53 Rangpur
2025/06/04 17:05:53 Panchagarh
2025/06/04 17:05:54 Debiganj
2025/06/04 17:05:55 1
2025/06/04 17:05:56 Rangpur
2025/06/04 17:05:56 Panchagarh
2025/06/04 17:05:57 Debiganj
2025/06/04 17:05:58 1
2025/06/04 17:06:00 Rangpur
2025/06/04 17:06:00 Panchagarh
2025/06/04 17:06:00 Debiganj
2025/06/04 17:06:03 1
2025/06/04 17:06:03 Rangpur
2025/06/04 17:06:03 Panchagarh
2025/06/04 17:06:03 Debiganj
2025/06/04 17:06:05 1
2025/06/04 17:06:06 Rangpur
2025/06/04 17:06:07 Panchagarh
2025/06/04 17:06:08 Debiganj
2025/06/04 17:06:09 1
2025/06/04 17:06:10 Rangpur
2025/06/04 17:06:10 Panchagarh
2025/06/04 17:06:10 Debiganj
2025/06/04 17:06:12 1
2025/06/04 17:06:13 Rangpur
2025/06/04 17:06:13 Panchagarh
2025/06/04 17:06:14 Debiganj
2025/06/04 17:06:16 1
2025/06/04 17:06:16 Rangpur
2025/06/04 17:06:17 Panchagarh
2025/06/04 17:06:17 Debiganj
2025/06/04 17:06:19 1
2025/06/04 17:06:19 Rangpur
2025/06/04 17:06:20 Panchagarh
2025/06/04 17:06:20 Debiganj
2025/06/04 17:06:22 1
2025/06/04 17:06:22 Rangpur
2025/06/04 17:06:23 Panchagarh
2025/06/04 17:06:23 Debiganj
2025/06/04 17:06:25 1
2025/06/04 17:06:25 Rangpur
2025/06/04 17:06:26 Panchagarh
2025/06/04 17:06:26 Debiganj
2025/06/04 17:06:28 1
2025/06/04 17:06:29 Rangpur
2025/06/04 17:06:29 Panchagarh
2025/06/04 17:06:30 Debiganj
2025/06/04 17:06:32 1
2025/06/04 17:06:33 Rangpur
2025/06/04 17:06:34 Panchagarh
2025/06/04 17:06:34 Debiganj
2025/06/04 17:06:36 1
2025/06/04 17:06:37 Rangpur
2025/06/04 17:06:38 Panchagarh
2025/06/04 17:06:38 Debiganj
2025/06/04 17:06:40 1
2025/06/04 17:06:40 Rangpur
2025/06/04 17:06:41 Panchagarh
2025/06/04 17:06:41 Debiganj
2025/06/04 17:06:43 1
2025/06/04 17:06:43 Rangpur
2025/06/04 17:06:44 Panchagarh
2025/06/04 17:06:44 Debiganj
2025/06/04 17:06:46 1
2025/06/04 17:06:47 Rangpur
2025/06/04 17:06:48 Panchagarh
2025/06/04 17:06:48 Debiganj
2025/06/04 17:06:51 1
2025/06/04 17:06:51 Rangpur
2025/06/04 17:06:52 Panchagarh
2025/06/04 17:06:53 Debiganj
2025/06/04 17:06:55 1
2025/06/04 17:06:56 Rangpur
2025/06/04 17:06:57 Panchagarh
2025/06/04 17:06:58 Debiganj
2025/06/04 17:06:59 1
2025/06/04 17:07:00 Rangpur
2025/06/04 17:07:01 Panchagarh
2025/06/04 17:07:01 Debiganj
2025/06/04 17:07:02 1
2025/06/04 17:07:04 Rangpur
2025/06/04 17:07:04 Panchagarh
2025/06/04 17:07:05 Debiganj
2025/06/04 17:07:08 1
2025/06/04 17:07:08 Rangpur
2025/06/04 17:07:09 Panchagarh
2025/06/04 17:07:09 Debiganj
2025/06/04 17:07:11 1
2025/06/04 17:07:12 Rangpur
2025/06/04 17:07:13 Panchagarh
2025/06/04 17:07:13 Debiganj
2025/06/04 17:07:15 1
2025/06/04 17:07:15 Rangpur
2025/06/04 17:07:15 Panchagarh
2025/06/04 17:07:16 Debiganj
2025/06/04 17:07:19 1
2025/06/04 17:07:19 Rangpur
2025/06/04 17:07:20 Panchagarh
2025/06/04 17:07:21 Debiganj
2025/06/04 17:07:23 1
2025/06/04 17:07:24 Rangpur
2025/06/04 17:07:24 Panchagarh
2025/06/04 17:07:24 Debiganj
2025/06/04 17:07:26 1
2025/06/04 17:07:27 Rangpur
2025/06/04 17:07:28 Panchagarh
2025/06/04 17:07:28 Debiganj
2025/06/04 17:07:31 1
2025/06/04 17:07:32 Rangpur
2025/06/04 17:07:33 Panchagarh
2025/06/04 17:07:33 Debiganj
2025/06/04 17:07:36 1
2025/06/04 17:07:37 Rangpur
2025/06/04 17:07:37 Panchagarh
2025/06/04 17:07:38 Debiganj
2025/06/04 17:07:39 1
2025/06/04 17:07:40 Rangpur
2025/06/04 17:07:40 Panchagarh
2025/06/04 17:07:40 Debiganj
2025/06/04 17:07:41 1
2025/06/04 17:07:41 Rangpur
2025/06/04 17:07:41 Panchagarh
2025/06/04 17:07:42 Debiganj
2025/06/04 17:07:43 1
2025/06/04 17:07:43 Rangpur
2025/06/04 17:07:43 Panchagarh
2025/06/04 17:07:43 Debiganj
2025/06/04 17:07:45 1
2025/06/04 17:07:45 Rangpur
2025/06/04 17:07:45 Panchagarh
2025/06/04 17:07:45 Debiganj
2025/06/04 17:07:46 1
2025/06/04 17:07:46 Rangpur
2025/06/04 17:07:47 Panchagarh
2025/06/04 17:07:47 Debiganj
2025/06/04 17:07:48 1
2025/06/04 17:07:48 Rangpur
2025/06/04 17:07:48 Panchagarh
2025/06/04 17:07:48 Debiganj
2025/06/04 17:07:50 1
2025/06/04 17:07:50 Rangpur
2025/06/04 17:07:50 Panchagarh
2025/06/04 17:07:50 Debiganj
2025/06/04 17:07:51 1
2025/06/04 17:07:52 Rangpur
2025/06/04 17:07:52 Panchagarh
2025/06/04 17:07:52 Debiganj
2025/06/04 17:07:53 1
2025/06/04 17:07:53 Rangpur
2025/06/04 17:07:53 Panchagarh
2025/06/04 17:07:54 Debiganj
2025/06/04 17:07:55 1
2025/06/04 17:07:55 Rangpur
2025/06/04 17:07:55 Panchagarh
2025/06/04 17:07:55 Debiganj
2025/06/04 17:07:57 1
2025/06/04 17:07:57 Rangpur
2025/06/04 17:07:57 Panchagarh
2025/06/04 17:07:57 Debiganj
2025/06/04 17:07:58 1
2025/06/04 17:07:58 Rangpur
2025/06/04 17:07:59 Panchagarh
2025/06/04 17:07:59 Debiganj
2025/06/04 17:08:00 1
2025/06/04 17:08:00 Rangpur
2025/06/04 17:08:00 Panchagarh
2025/06/04 17:08:00 Debiganj
