2025/01/25 02:04:57 root:@tcp(127.0.0.1:3306)/bangladesh_geocode?charset=utf8mb4&parseTime=True&loc=Local
2025/01/25 02:04:57 connected
2025/01/25 02:05:12 Rangpur
2025/01/25 02:05:28 Debiganj
2025/01/25 02:05:35 Rangpur
2025/01/25 02:05:37 Panchagarh
2025/01/25 02:11:32 root:@tcp(127.0.0.1:3306)/bangladesh_geocode?charset=utf8mb4&parseTime=True&loc=Local
2025/01/25 02:11:32 connected
2025/01/25 02:11:46 root:@tcp(127.0.0.1:3306)/bangladesh_geocode?charset=utf8mb4&parseTime=True&loc=Local
2025/01/25 02:11:46 connected
2025/01/25 02:11:59 Debiganj
2025/01/25 02:19:22 Debiganj
2025/01/25 02:19:31 Rangpur
2025/01/25 02:26:19 Panchagarh
2025/01/25 02:36:57 root:@tcp(127.0.0.1:3306)/bangladesh_geocode?charset=utf8mb4&parseTime=True&loc=Local
2025/01/25 02:36:57 connected
2025/01/25 02:38:58 root:@tcp(127.0.0.1:3306)/bangladesh_geocode?charset=utf8mb4&parseTime=True&loc=Local
2025/01/25 02:38:58 connected
2025/01/25 02:39:38 root:@tcp(127.0.0.1:3306)/bangladesh_geocode?charset=utf8mb4&parseTime=True&loc=Local
2025/01/25 02:39:38 connected
2025/01/25 02:48:12 Rangpur
2025/01/25 02:48:16 Panchagarh
2025/01/25 02:48:19 Debiganj
2025/01/25 03:00:35 root:@tcp(127.0.0.1:3306)/bangladesh_geocode?charset=utf8mb4&parseTime=True&loc=Local
2025/01/25 03:00:35 connected
2025/01/25 03:02:17 root:@tcp(127.0.0.1:3306)/bangladesh_geocode?charset=utf8mb4&parseTime=True&loc=Local
2025/01/25 03:02:17 connected
2025/01/25 03:04:33 Debiganj
2025/01/25 03:04:44 Debiganj
2025/01/25 03:04:45 Debiganj
2025/01/25 03:04:45 Debiganj
2025/01/25 03:04:46 Debiganj
2025/01/25 03:04:46 Debiganj
2025/01/25 03:04:46 Debiganj
2025/01/25 10:52:43 root:@tcp(127.0.0.1:3306)/bangladesh_geocode?charset=utf8mb4&parseTime=True&loc=Local
2025/01/25 10:52:43 connected
2025/01/25 15:10:28 root:@tcp(127.0.0.1:3306)/bangladesh_geocode?charset=utf8mb4&parseTime=True&loc=Local
2025/01/25 15:10:28 Failed to connect to database. 
dial tcp 127.0.0.1:3306: connectex: No connection could be made because the target machine actively refused it.
2025/01/25 15:11:11 root:@tcp(127.0.0.1:3306)/bangladesh_geocode?charset=utf8mb4&parseTime=True&loc=Local
2025/01/25 15:11:11 Failed to connect to database. 
dial tcp 127.0.0.1:3306: connectex: No connection could be made because the target machine actively refused it.
2025/01/25 15:11:28 root:@tcp(127.0.0.1:3306)/bangladesh_geocode?charset=utf8mb4&parseTime=True&loc=Local
2025/01/25 15:11:28 Failed to connect to database. 
dial tcp 127.0.0.1:3306: connectex: No connection could be made because the target machine actively refused it.
2025/01/25 15:11:40 root:@tcp(127.0.0.1:3306)/bangladesh_geocode?charset=utf8mb4&parseTime=True&loc=Local
2025/01/25 15:11:40 connected
2025/01/25 19:28:26 root:@tcp(127.0.0.1:3306)/bangladesh_geocode?charset=utf8mb4&parseTime=True&loc=Local
2025/01/25 19:28:26 connected
2025/01/25 19:30:03 root:@tcp(127.0.0.1:3306)/bangladesh_geocode?charset=utf8mb4&parseTime=True&loc=Local
2025/01/25 19:30:03 connected
2025/01/25 19:30:30 Rangpur
2025/01/25 19:30:30 Rangpur
2025/01/25 19:30:30 Rangpur
2025/01/25 19:30:30 Rangpur
2025/01/25 19:30:30 Rangpur
2025/01/25 19:30:30 Rangpur
2025/01/25 19:30:30 Rangpur
2025/01/25 19:30:30 Rangpur
2025/01/25 19:30:30 Rangpur
2025/01/25 19:30:30 Rangpur
2025/01/25 19:30:30 Rangpur
2025/01/25 19:30:30 Rangpur
2025/01/25 19:30:30 Rangpur
2025/01/25 19:30:30 Rangpur
2025/01/25 19:30:30 Rangpur
2025/01/25 19:30:30 Rangpur
2025/01/25 19:30:30 Rangpur
2025/01/25 19:30:30 Rangpur
2025/01/25 19:30:30 Rangpur
2025/01/25 19:30:30 Rangpur
2025/01/25 19:30:30 Rangpur
2025/01/25 19:30:30 Rangpur
2025/01/25 19:30:30 Rangpur
2025/01/25 19:30:30 Rangpur
2025/01/25 19:30:30 Rangpur
2025/01/25 19:30:31 Rangpur
2025/01/25 19:30:31 Rangpur
2025/01/25 19:30:31 Rangpur
2025/01/25 19:30:31 Rangpur
2025/01/25 19:30:31 Rangpur
2025/01/25 19:30:31 Rangpur
2025/01/25 19:30:31 Rangpur
2025/01/25 19:30:31 Rangpur
2025/01/25 19:30:31 Rangpur
2025/01/25 19:30:31 Rangpur
2025/01/25 19:30:31 Rangpur
2025/01/25 19:30:31 Rangpur
2025/01/25 19:30:31 Rangpur
2025/01/25 19:30:31 Rangpur
2025/01/25 19:30:31 Rangpur
2025/01/25 19:30:31 Rangpur
2025/01/25 19:30:31 Rangpur
2025/01/25 19:30:31 Rangpur
2025/01/25 19:30:31 Rangpur
2025/01/25 19:30:31 Rangpur
2025/01/25 19:30:32 Rangpur
2025/01/25 19:30:32 Rangpur
2025/01/25 19:30:32 Rangpur
2025/01/25 19:30:32 Rangpur
2025/01/25 19:30:32 Rangpur
2025/01/25 19:30:32 Rangpur
2025/01/25 19:30:32 Rangpur
2025/01/25 19:30:32 Rangpur
2025/01/25 19:30:32 Rangpur
2025/01/25 19:30:32 Rangpur
2025/01/25 19:30:32 Rangpur
2025/01/25 19:30:32 Rangpur
2025/01/25 19:30:32 Rangpur
2025/01/25 19:30:32 Rangpur
2025/01/25 19:30:32 Rangpur
2025/01/25 19:30:32 Rangpur
2025/01/25 19:30:32 Rangpur
2025/01/25 19:30:32 Rangpur
2025/01/25 19:30:32 Rangpur
2025/01/25 19:30:32 Rangpur
2025/01/25 19:30:33 Rangpur
2025/01/25 19:30:33 Rangpur
2025/01/25 19:30:33 Rangpur
2025/01/25 19:30:33 Rangpur
2025/01/25 19:30:33 Rangpur
2025/01/25 19:30:33 Rangpur
2025/01/25 19:30:33 Rangpur
2025/01/25 19:30:33 Rangpur
2025/01/25 19:30:33 Rangpur
2025/01/25 19:30:33 Rangpur
2025/01/25 19:30:33 Rangpur
2025/01/25 19:30:33 Rangpur
2025/01/25 19:30:33 Rangpur
2025/01/25 19:30:33 Rangpur
2025/01/25 19:30:33 Rangpur
2025/01/25 19:30:33 Rangpur
2025/01/25 19:30:33 Rangpur
2025/01/25 19:30:33 Rangpur
2025/01/25 19:30:33 Rangpur
2025/01/25 19:30:33 Rangpur
2025/01/25 19:30:34 Rangpur
2025/01/25 19:30:34 Rangpur
2025/01/25 19:30:34 Rangpur
2025/01/25 19:30:34 Rangpur
2025/01/25 19:30:34 Rangpur
2025/01/25 19:30:34 Rangpur
2025/01/25 19:30:34 Rangpur
2025/01/25 19:30:34 Rangpur
2025/01/25 19:30:34 Rangpur
2025/01/25 19:30:34 Rangpur
2025/01/25 19:30:34 Rangpur
2025/01/25 19:30:34 Rangpur
2025/01/25 19:30:34 Rangpur
2025/01/25 19:30:34 Rangpur
2025/01/25 19:30:34 Rangpur
2025/01/25 19:30:34 Rangpur
2025/01/25 19:30:34 Rangpur
2025/01/25 19:30:34 Rangpur
2025/01/25 19:30:34 Rangpur
2025/01/25 19:30:34 Rangpur
2025/01/25 19:30:35 Rangpur
2025/01/25 19:30:35 Rangpur
2025/01/25 19:30:35 Rangpur
2025/01/25 19:30:35 Rangpur
2025/01/25 19:30:35 Rangpur
2025/01/25 19:30:35 Rangpur
2025/01/25 19:30:35 Rangpur
2025/01/25 19:30:35 Rangpur
2025/01/25 19:30:35 Rangpur
2025/01/25 19:30:35 Rangpur
2025/01/25 19:30:35 Rangpur
2025/01/25 19:30:35 Rangpur
2025/01/25 19:30:35 Rangpur
2025/01/25 19:30:35 Rangpur
2025/01/25 19:30:35 Rangpur
2025/01/25 19:30:35 Rangpur
2025/01/25 19:30:35 Rangpur
2025/01/25 19:30:35 Rangpur
2025/01/25 19:30:35 Rangpur
2025/01/25 19:30:35 Rangpur
2025/01/25 19:30:36 Rangpur
2025/01/25 19:30:36 Rangpur
2025/01/25 19:30:36 Rangpur
2025/01/25 19:30:36 Rangpur
2025/01/25 19:30:36 Rangpur
2025/01/25 19:30:36 Rangpur
2025/01/25 19:30:36 Rangpur
2025/01/25 19:30:36 Rangpur
2025/01/25 19:30:36 Rangpur
2025/01/25 19:30:36 Rangpur
2025/01/25 19:30:36 Rangpur
2025/01/25 19:30:36 Rangpur
2025/01/25 19:30:36 Rangpur
2025/01/25 19:30:36 Rangpur
2025/01/25 19:30:36 Rangpur
2025/01/25 19:30:36 Rangpur
2025/01/25 19:30:36 Rangpur
2025/01/25 19:30:36 Rangpur
2025/01/25 19:30:36 Rangpur
2025/01/25 19:30:36 Rangpur
2025/01/25 19:30:37 Rangpur
2025/01/25 19:30:37 Rangpur
2025/01/25 19:30:37 Rangpur
2025/01/25 19:30:37 Rangpur
2025/01/25 19:30:37 Rangpur
2025/01/25 19:30:37 Rangpur
2025/01/25 19:30:37 Rangpur
2025/01/25 19:30:37 Rangpur
2025/01/25 19:30:37 Rangpur
2025/01/25 19:30:37 Rangpur
2025/01/25 19:30:37 Rangpur
2025/01/25 19:30:37 Rangpur
2025/01/25 19:30:37 Rangpur
2025/01/25 19:30:37 Rangpur
2025/01/25 19:30:37 Rangpur
2025/01/25 19:30:37 Rangpur
2025/01/25 19:30:37 Rangpur
2025/01/25 19:30:37 Rangpur
2025/01/25 19:30:37 Rangpur
2025/01/25 19:30:37 Rangpur
2025/01/25 19:30:38 Rangpur
2025/01/25 19:30:38 Rangpur
2025/01/25 19:30:38 Rangpur
2025/01/25 19:30:38 Rangpur
2025/01/25 19:30:38 Rangpur
2025/01/25 19:30:38 Rangpur
2025/01/25 19:30:38 Rangpur
2025/01/25 19:30:38 Rangpur
2025/01/25 19:30:38 Rangpur
2025/01/25 19:30:38 Rangpur
2025/01/25 19:30:38 Rangpur
2025/01/25 19:30:38 Rangpur
2025/01/25 19:30:38 Rangpur
2025/01/25 19:30:38 Rangpur
2025/01/25 19:30:38 Rangpur
2025/01/25 19:30:38 Rangpur
2025/01/25 19:30:38 Rangpur
2025/01/25 19:30:38 Rangpur
2025/01/25 19:30:38 Rangpur
2025/01/25 19:30:38 Rangpur
2025/01/25 19:30:39 Rangpur
2025/01/25 19:30:39 Rangpur
2025/01/25 19:30:39 Rangpur
2025/01/25 19:30:39 Rangpur
2025/01/25 19:30:39 Rangpur
2025/01/25 19:30:39 Rangpur
2025/01/25 19:30:39 Rangpur
2025/01/25 19:30:39 Rangpur
2025/01/25 19:30:39 Rangpur
2025/01/25 19:30:39 Rangpur
2025/01/25 19:30:39 Rangpur
2025/01/25 19:30:39 Rangpur
2025/01/25 19:30:39 Rangpur
2025/01/25 19:30:39 Rangpur
2025/01/25 19:30:39 Rangpur
2025/01/25 19:30:39 Rangpur
2025/01/25 19:30:39 Rangpur
2025/01/25 19:30:39 Rangpur
2025/01/25 19:30:39 Rangpur
2025/01/25 19:30:39 Rangpur
2025/01/25 19:30:40 Rangpur
2025/01/25 19:30:40 Rangpur
2025/01/25 19:30:40 Rangpur
2025/01/25 19:30:40 Rangpur
2025/01/25 19:30:40 Rangpur
2025/01/25 19:30:40 Rangpur
2025/01/25 19:30:40 Rangpur
2025/01/25 19:30:40 Rangpur
2025/01/25 19:30:40 Rangpur
2025/01/25 19:30:40 Rangpur
2025/01/25 19:30:40 Rangpur
2025/01/25 19:30:40 Rangpur
2025/01/25 19:30:40 Rangpur
2025/01/25 19:30:40 Rangpur
2025/01/25 19:34:36 root:@tcp(127.0.0.1:3306)/bangladesh_geocode?charset=utf8mb4&parseTime=True&loc=Local
2025/01/25 19:34:36 connected
2025/01/25 19:35:46 root:@tcp(127.0.0.1:3306)/bangladesh_geocode?charset=utf8mb4&parseTime=True&loc=Local
2025/01/25 19:35:46 connected
2025/01/25 19:37:33 root:@tcp(127.0.0.1:3306)/bangladesh_geocode?charset=utf8mb4&parseTime=True&loc=Local
2025/01/25 19:37:33 connected
2025/01/25 19:39:45 root:@tcp(127.0.0.1:3306)/bangladesh_geocode?charset=utf8mb4&parseTime=True&loc=Local
2025/01/25 19:39:45 connected
2025/01/25 19:40:07 root:@tcp(127.0.0.1:3306)/bangladesh_geocode?charset=utf8mb4&parseTime=True&loc=Local
2025/01/25 19:40:07 connected
2025/01/25 19:42:35 root:@tcp(127.0.0.1:3306)/bangladesh_geocode?charset=utf8mb4&parseTime=True&loc=Local
2025/01/25 19:42:35 connected
2025/01/25 19:44:06 root:@tcp(127.0.0.1:3306)/bangladesh_geocode?charset=utf8mb4&parseTime=True&loc=Local
2025/01/25 19:44:06 connected
2025/01/25 19:45:17 root:@tcp(127.0.0.1:3306)/bangladesh_geocode?charset=utf8mb4&parseTime=True&loc=Local
2025/01/25 19:45:17 connected
2025/01/25 19:46:59 Rangpur
2025/01/25 19:47:04 Panchagarh
2025/01/25 19:47:05 Debiganj
2025/01/25 19:51:30 Debiganj
2025/01/25 19:51:37 Debiganj
2025/01/25 21:01:25 Debiganj
